<?xml version="1.0" encoding="UTF-8"?>
<testsuite xmlns:xsi="http://www.w3.org/2001/XMLSchema-instance" xsi:noNamespaceSchemaLocation="https://maven.apache.org/surefire/maven-surefire-plugin/xsd/surefire-test-report.xsd" name="rpggamev2.AppTest" time="0.072" tests="4" errors="0" skipped="0" failures="0">
  <properties>
    <property name="sun.desktop" value="windows"/>
    <property name="awt.toolkit" value="sun.awt.windows.WToolkit"/>
    <property name="java.specification.version" value="11"/>
    <property name="sun.cpu.isalist" value="amd64"/>
    <property name="sun.jnu.encoding" value="Cp1252"/>
    <property name="java.class.path" value="C:\Freeing the Forest - 2D RPG Game\target\test-classes;C:\Freeing the Forest - 2D RPG Game\target\classes;C:\Users\jtreap\.m2\repository\junit\junit\4.11\junit-4.11.jar;C:\Users\jtreap\.m2\repository\org\hamcrest\hamcrest-core\1.3\hamcrest-core-1.3.jar;C:\Users\jtreap\.m2\repository\com\vaadin\vaadin-client\8.8.6\vaadin-client-8.8.6.jar;C:\Users\jtreap\.m2\repository\com\vaadin\vaadin-shared\8.8.6\vaadin-shared-8.8.6.jar;C:\Users\jtreap\.m2\repository\com\vaadin\vaadin-server\8.8.6\vaadin-server-8.8.6.jar;C:\Users\jtreap\.m2\repository\org\jsoup\jsoup\1.11.2\jsoup-1.11.2.jar;C:\Users\jtreap\.m2\repository\com\vaadin\external\gentyref\1.2.0.vaadin1\gentyref-1.2.0.vaadin1.jar;C:\Users\jtreap\.m2\repository\com\google\gwt\gwt-elemental\2.8.2\gwt-elemental-2.8.2.jar;C:\Users\jtreap\.m2\repository\com\google\gwt\gwt-user\2.8.2\gwt-user-2.8.2.jar;C:\Users\jtreap\.m2\repository\com\google\jsinterop\jsinterop-annotations\1.0.2\jsinterop-annotations-1.0.2.jar;C:\Users\jtreap\.m2\repository\com\google\jsinterop\jsinterop-annotations\1.0.2\jsinterop-annotations-1.0.2-sources.jar;C:\Users\jtreap\.m2\repository\javax\validation\validation-api\1.0.0.GA\validation-api-1.0.0.GA.jar;C:\Users\jtreap\.m2\repository\javax\validation\validation-api\1.0.0.GA\validation-api-1.0.0.GA-sources.jar;C:\Users\jtreap\.m2\repository\javax\servlet\javax.servlet-api\3.1.0\javax.servlet-api-3.1.0.jar;C:\Users\jtreap\.m2\repository\org\w3c\css\sac\1.3\sac-1.3.jar;"/>
    <property name="java.vm.vendor" value="Oracle Corporation"/>
    <property name="sun.arch.data.model" value="64"/>
    <property name="user.variant" value=""/>
    <property name="java.vendor.url" value="https://openjdk.java.net/"/>
    <property name="user.timezone" value="America/New_York"/>
    <property name="java.vm.specification.version" value="11"/>
    <property name="os.name" value="Windows 10"/>
    <property name="sun.java.launcher" value="SUN_STANDARD"/>
    <property name="user.country" value="US"/>
    <property name="sun.boot.library.path" value="C:\Program Files\Java\jdk-11.0.18\bin"/>
    <property name="sun.java.command" value="C:\Users\jtreap\AppData\Local\Temp\1\surefire11442678636245136013\surefirebooter2883039959464658334.jar C:\Users\jtreap\AppData\Local\Temp\1\surefire11442678636245136013 2023-08-24T10-01-48_281-jvmRun1 surefire3011659789945534362tmp surefire_03076034734084103014tmp"/>
    <property name="jdk.debug" value="release"/>
    <property name="surefire.test.class.path" value="C:\Freeing the Forest - 2D RPG Game\target\test-classes;C:\Freeing the Forest - 2D RPG Game\target\classes;C:\Users\jtreap\.m2\repository\junit\junit\4.11\junit-4.11.jar;C:\Users\jtreap\.m2\repository\org\hamcrest\hamcrest-core\1.3\hamcrest-core-1.3.jar;C:\Users\jtreap\.m2\repository\com\vaadin\vaadin-client\8.8.6\vaadin-client-8.8.6.jar;C:\Users\jtreap\.m2\repository\com\vaadin\vaadin-shared\8.8.6\vaadin-shared-8.8.6.jar;C:\Users\jtreap\.m2\repository\com\vaadin\vaadin-server\8.8.6\vaadin-server-8.8.6.jar;C:\Users\jtreap\.m2\repository\org\jsoup\jsoup\1.11.2\jsoup-1.11.2.jar;C:\Users\jtreap\.m2\repository\com\vaadin\external\gentyref\1.2.0.vaadin1\gentyref-1.2.0.vaadin1.jar;C:\Users\jtreap\.m2\repository\com\google\gwt\gwt-elemental\2.8.2\gwt-elemental-2.8.2.jar;C:\Users\jtreap\.m2\repository\com\google\gwt\gwt-user\2.8.2\gwt-user-2.8.2.jar;C:\Users\jtreap\.m2\repository\com\google\jsinterop\jsinterop-annotations\1.0.2\jsinterop-annotations-1.0.2.jar;C:\Users\jtreap\.m2\repository\com\google\jsinterop\jsinterop-annotations\1.0.2\jsinterop-annotations-1.0.2-sources.jar;C:\Users\jtreap\.m2\repository\javax\validation\validation-api\1.0.0.GA\validation-api-1.0.0.GA.jar;C:\Users\jtreap\.m2\repository\javax\validation\validation-api\1.0.0.GA\validation-api-1.0.0.GA-sources.jar;C:\Users\jtreap\.m2\repository\javax\servlet\javax.servlet-api\3.1.0\javax.servlet-api-3.1.0.jar;C:\Users\jtreap\.m2\repository\org\w3c\css\sac\1.3\sac-1.3.jar;"/>
    <property name="sun.cpu.endian" value="little"/>
    <property name="user.home" value="C:\Users\jtreap"/>
    <property name="user.language" value="en"/>
    <property name="java.specification.vendor" value="Oracle Corporation"/>
    <property name="java.version.date" value="2023-01-17"/>
    <property name="java.home" value="C:\Program Files\Java\jdk-11.0.18"/>
    <property name="file.separator" value="\"/>
    <property name="basedir" value="C:\Freeing the Forest - 2D RPG Game"/>
    <property name="java.vm.compressedOopsMode" value="Zero based"/>
    <property name="line.separator" value="&#10;"/>
    <property name="java.specification.name" value="Java Platform API Specification"/>
    <property name="java.vm.specification.vendor" value="Oracle Corporation"/>
    <property name="java.awt.graphicsenv" value="sun.awt.Win32GraphicsEnvironment"/>
    <property name="surefire.real.class.path" value="C:\Users\jtreap\AppData\Local\Temp\1\surefire11442678636245136013\surefirebooter2883039959464658334.jar"/>
    <property name="user.script" value=""/>
    <property name="sun.management.compiler" value="HotSpot 64-Bit Tiered Compilers"/>
    <property name="java.runtime.version" value="11.0.18+9-LTS-195"/>
    <property name="user.name" value="jtreap"/>
    <property name="path.separator" value=";"/>
    <property name="os.version" value="10.0"/>
    <property name="java.runtime.name" value="Java(TM) SE Runtime Environment"/>
    <property name="file.encoding" value="Cp1252"/>
    <property name="java.vm.name" value="Java HotSpot(TM) 64-Bit Server VM"/>
    <property name="java.vendor.version" value="18.9"/>
    <property name="localRepository" value="C:\Users\jtreap\.m2\repository"/>
    <property name="java.vendor.url.bug" value="https://bugreport.java.com/bugreport/"/>
    <property name="java.io.tmpdir" value="C:\Users\jtreap\AppData\Local\Temp\1\"/>
    <property name="java.version" value="11.0.18"/>
    <property name="user.dir" value="C:\Freeing the Forest - 2D RPG Game"/>
    <property name="os.arch" value="amd64"/>
    <property name="java.vm.specification.name" value="Java Virtual Machine Specification"/>
    <property name="java.awt.printerjob" value="sun.awt.windows.WPrinterJob"/>
    <property name="sun.os.patch.level" value=""/>
    <property name="java.library.path" value="C:\Program Files\Java\jdk-11.0.18\bin;C:\WINDOWS\Sun\Java\bin;C:\WINDOWS\system32;C:\WINDOWS;C:\Program Files\PowerShell\7;C:\Program Files\apache-maven-3.9.1\bin;C:\Program Files\Java\jdk-11.0.18\bin;C:\WINDOWS\system32;C:\WINDOWS;C:\WINDOWS\System32\Wbem;C:\WINDOWS\System32\WindowsPowerShell\v1.0\;C:\WINDOWS\System32\OpenSSH\;C:\Program Files\nodejs\;C:\Program Files\Git\cmd;C:\Program Files\Docker\Docker\resources\bin;C:\Program Files\PowerShell\7\;C:\Program Files\apache-maven-3.9.1\bin;C:\Program Files\Java\jdk-11.0.18\bin;C:\Users\jtreap\AppData\Local\Microsoft\WindowsApps;;C:\Users\jtreap\AppData\Local\Programs\Microsoft VS Code\bin;C:\Users\jtreap\AppData\Roaming\npm;."/>
    <property name="java.vendor" value="Oracle Corporation"/>
    <property name="java.vm.info" value="mixed mode"/>
    <property name="java.vm.version" value="11.0.18+9-LTS-195"/>
    <property name="sun.io.unicode.encoding" value="UnicodeLittle"/>
    <property name="java.class.version" value="55.0"/>
  </properties>
  <testcase name="checkAudio" classname="rpggamev2.AppTest" time="0.005"/>
  <testcase name="checkImages" classname="rpggamev2.AppTest" time="0.001"/>
  <testcase name="checkMap" classname="rpggamev2.AppTest" time="0"/>
  <testcase name="assertTest" classname="rpggamev2.AppTest" time="0.001"/>
</testsuite>